<?xml version="1.0" encoding="UTF-8"?>
<!-- Generated by org.testng.reporters.JUnitXMLReporter -->
<testsuite ignored="0" hostname="DESKTOP-RJ192UE" failures="0" tests="3" name="Default test" time="47.243" errors="0" timestamp="2024-08-30T22:02:48 IST">
  <testcase classname="com.Amezon.Amezon_Multi_Browser" name="FirFox" time="16.243"/>
  <testcase classname="com.Amezon.Amezon_Multi_Browser" name="chrome" time="11.065"/>
  <testcase classname="com.Amezon.Amezon_Multi_Browser" name="edge" time="17.031"/>
</testsuite> <!-- Default test -->
