<?xml version="1.0" encoding="UTF-8"?>
<!-- Generated by org.testng.reporters.JUnitXMLReporter -->
<testsuite ignored="0" hostname="DESKTOP-RJ192UE" failures="0" tests="3" name="Default test" time="33.236" errors="0" timestamp="2024-08-30T21:32:08 IST">
  <testcase classname="com.Amezon.Amezon_Multi_Browser" name="FirFox" time="13.741"/>
  <testcase classname="com.Amezon.Amezon_Multi_Browser" name="chrome" time="7.28"/>
  <testcase classname="com.Amezon.Amezon_Multi_Browser" name="edge" time="9.565"/>
</testsuite> <!-- Default test -->
