<?xml version="1.0" encoding="UTF-8"?>
<testng-results ignored="0" total="3" passed="3" failed="0" skipped="0">
  <reporter-output>
  </reporter-output>
  <suite started-at="2024-08-30T22:02:01 IST" name="Default suite" finished-at="2024-08-30T22:02:48 IST" duration-ms="47243">
    <groups>
    </groups>
    <test started-at="2024-08-30T22:02:01 IST" name="Default test" finished-at="2024-08-30T22:02:48 IST" duration-ms="47243">
      <class name="com.Amezon.Amezon_Multi_Browser">
        <test-method signature="FirFox()[pri:0, instance:com.Amezon.Amezon_Multi_Browser@7d900ecf]" started-at="2024-08-30T22:02:01 IST" name="FirFox" finished-at="2024-08-30T22:02:17 IST" duration-ms="16243" status="PASS">
          <reporter-output>
          </reporter-output>
        </test-method> <!-- FirFox -->
        <test-method is-config="true" signature="AfterMethod()[pri:0, instance:com.Amezon.Amezon_Multi_Browser@7d900ecf]" started-at="2024-08-30T22:02:17 IST" name="AfterMethod" finished-at="2024-08-30T22:02:18 IST" duration-ms="1372" status="PASS">
          <reporter-output>
          </reporter-output>
        </test-method> <!-- AfterMethod -->
        <test-method signature="chrome()[pri:0, instance:com.Amezon.Amezon_Multi_Browser@7d900ecf]" started-at="2024-08-30T22:02:18 IST" name="chrome" finished-at="2024-08-30T22:02:29 IST" duration-ms="11065" status="PASS">
          <reporter-output>
          </reporter-output>
        </test-method> <!-- chrome -->
        <test-method is-config="true" signature="AfterMethod()[pri:0, instance:com.Amezon.Amezon_Multi_Browser@7d900ecf]" started-at="2024-08-30T22:02:29 IST" name="AfterMethod" finished-at="2024-08-30T22:02:30 IST" duration-ms="772" status="PASS">
          <reporter-output>
          </reporter-output>
        </test-method> <!-- AfterMethod -->
        <test-method signature="edge()[pri:0, instance:com.Amezon.Amezon_Multi_Browser@7d900ecf]" started-at="2024-08-30T22:02:30 IST" name="edge" finished-at="2024-08-30T22:02:47 IST" duration-ms="17031" status="PASS">
          <reporter-output>
          </reporter-output>
        </test-method> <!-- edge -->
        <test-method is-config="true" signature="AfterMethod()[pri:0, instance:com.Amezon.Amezon_Multi_Browser@7d900ecf]" started-at="2024-08-30T22:02:47 IST" name="AfterMethod" finished-at="2024-08-30T22:02:48 IST" duration-ms="684" status="PASS">
          <reporter-output>
          </reporter-output>
        </test-method> <!-- AfterMethod -->
        <test-method is-config="true" signature="afterTest()[pri:0, instance:com.Amezon.Amezon_Multi_Browser@7d900ecf]" started-at="2024-08-30T22:02:48 IST" name="afterTest" finished-at="2024-08-30T22:02:48 IST" duration-ms="1" status="PASS">
          <reporter-output>
          </reporter-output>
        </test-method> <!-- afterTest -->
      </class> <!-- com.Amezon.Amezon_Multi_Browser -->
    </test> <!-- Default test -->
  </suite> <!-- Default suite -->
</testng-results>
