<?xml version="1.0" encoding="UTF-8"?>
<testng-results ignored="0" total="3" passed="3" failed="0" skipped="0">
  <reporter-output>
  </reporter-output>
  <suite started-at="2024-08-30T22:16:56 IST" name="Default suite" finished-at="2024-08-30T22:17:16 IST" duration-ms="20301">
    <groups>
    </groups>
    <test started-at="2024-08-30T22:16:56 IST" name="Default test" finished-at="2024-08-30T22:17:16 IST" duration-ms="20301">
      <class name="com.Amezon.Amezon_Multi_Browser">
        <test-method signature="chrome()[pri:1, instance:com.Amezon.Amezon_Multi_Browser@dd05255]" started-at="2024-08-30T22:16:56 IST" name="chrome" finished-at="2024-08-30T22:17:01 IST" duration-ms="4986" status="PASS">
          <reporter-output>
          </reporter-output>
        </test-method> <!-- chrome -->
        <test-method is-config="true" signature="AfterMethod()[pri:0, instance:com.Amezon.Amezon_Multi_Browser@dd05255]" started-at="2024-08-30T22:17:01 IST" name="AfterMethod" finished-at="2024-08-30T22:17:01 IST" duration-ms="558" status="PASS">
          <reporter-output>
          </reporter-output>
        </test-method> <!-- AfterMethod -->
        <test-method signature="edge()[pri:2, instance:com.Amezon.Amezon_Multi_Browser@dd05255]" started-at="2024-08-30T22:17:01 IST" name="edge" finished-at="2024-08-30T22:17:08 IST" duration-ms="6598" status="PASS">
          <reporter-output>
          </reporter-output>
        </test-method> <!-- edge -->
        <test-method is-config="true" signature="AfterMethod()[pri:0, instance:com.Amezon.Amezon_Multi_Browser@dd05255]" started-at="2024-08-30T22:17:08 IST" name="AfterMethod" finished-at="2024-08-30T22:17:09 IST" duration-ms="846" status="PASS">
          <reporter-output>
          </reporter-output>
        </test-method> <!-- AfterMethod -->
        <test-method signature="FirFox()[pri:3, instance:com.Amezon.Amezon_Multi_Browser@dd05255]" started-at="2024-08-30T22:17:09 IST" name="FirFox" finished-at="2024-08-30T22:17:14 IST" duration-ms="4988" status="PASS">
          <reporter-output>
          </reporter-output>
        </test-method> <!-- FirFox -->
        <test-method is-config="true" signature="AfterMethod()[pri:0, instance:com.Amezon.Amezon_Multi_Browser@dd05255]" started-at="2024-08-30T22:17:14 IST" name="AfterMethod" finished-at="2024-08-30T22:17:16 IST" duration-ms="2245" status="PASS">
          <reporter-output>
          </reporter-output>
        </test-method> <!-- AfterMethod -->
        <test-method is-config="true" signature="afterTest()[pri:0, instance:com.Amezon.Amezon_Multi_Browser@dd05255]" started-at="2024-08-30T22:17:16 IST" name="afterTest" finished-at="2024-08-30T22:17:16 IST" duration-ms="1" status="PASS">
          <reporter-output>
          </reporter-output>
        </test-method> <!-- afterTest -->
      </class> <!-- com.Amezon.Amezon_Multi_Browser -->
    </test> <!-- Default test -->
  </suite> <!-- Default suite -->
</testng-results>
